<?xml version="1.0" encoding="UTF-8"?>
<testsuite xmlns:xsi="http://www.w3.org/2001/XMLSchema-instance" xsi:noNamespaceSchemaLocation="https://maven.apache.org/surefire/maven-surefire-plugin/xsd/surefire-test-report.xsd" name="org.apache.tika.parser.AutoDetectParserTest" time="5.719" tests="21" errors="0" skipped="0" failures="3">
  <properties>
[...]
</properties>
  <testcase name="testTextNonASCIIUTF8" classname="org.apache.tika.parser.AutoDetectParserTest" time="0.25"/>
  <testcase name="testZipBombPrevention" classname="org.apache.tika.parser.AutoDetectParserTest" time="0.078"/>
  <testcase name="testSpecificParserList" classname="org.apache.tika.parser.AutoDetectParserTest" time="0.047"/>
  <testcase name="testKeynote" classname="org.apache.tika.parser.AutoDetectParserTest" time="0.672"/>
  <testcase name="testPages" classname="org.apache.tika.parser.AutoDetectParserTest" time="0.203"/>
  <testcase name="testNumbers" classname="org.apache.tika.parser.AutoDetectParserTest" time="0.406"/>
  <testcase name="testChm" classname="org.apache.tika.parser.AutoDetectParserTest" time="1.235"/>
  <testcase name="testEpub" classname="org.apache.tika.parser.AutoDetectParserTest" time="0.25"/>
  <testcase name="testExcel" classname="org.apache.tika.parser.AutoDetectParserTest" time="0.281"/>
  <testcase name="testRss" classname="org.apache.tika.parser.AutoDetectParserTest" time="0.062"/>
  <testcase name="testOggFlacAudio" classname="org.apache.tika.parser.AutoDetectParserTest" time="0">
    <failure message="Parser not found for audio/x-oggflac" type="java.lang.AssertionError">java.lang.AssertionError: Parser not found for audio/x-oggflac
	at org.apache.tika.parser.AutoDetectParserTest.testOggFlacAudio(AutoDetectParserTest.java:312)
</failure>
  </testcase>
  <testcase name="testOpenOffice" classname="org.apache.tika.parser.AutoDetectParserTest" time="0.125"/>
  <testcase name="testHTML" classname="org.apache.tika.parser.AutoDetectParserTest" time="0.016">
    <failure message="Bad content type: Test parameters:&#10;  resourceRealName        = /test-documents/testHTML.html&#10;  resourceStatedName      = /test-documents/testHTML.html&#10;  realType                = text/html; charset=ISO-8859-1&#10;  statedType              = null&#10;  expectedContentFragment = Test Indexation Html&#10; expected:&lt;text/html; charset=[ISO-8859-1]&gt; but was:&lt;text/html; charset=[windows-1252]&gt;" type="org.junit.ComparisonFailure"><![CDATA[org.junit.ComparisonFailure: 
Bad content type: Test parameters:
  resourceRealName        = /test-documents/testHTML.html
  resourceStatedName      = /test-documents/testHTML.html
  realType                = text/html; charset=ISO-8859-1
  statedType              = null
  expectedContentFragment = Test Indexation Html
 expected:<text/html; charset=[ISO-8859-1]> but was:<text/html; charset=[windows-1252]>
	at org.apache.tika.parser.AutoDetectParserTest.assertAutoDetect(AutoDetectParserTest.java:97)
	at org.apache.tika.parser.AutoDetectParserTest.assertAutoDetect(AutoDetectParserTest.java:128)
	at org.apache.tika.parser.AutoDetectParserTest.assertAutoDetect(AutoDetectParserTest.java:145)
	at org.apache.tika.parser.AutoDetectParserTest.testHTML(AutoDetectParserTest.java:192)
]]></failure>
  </testcase>
  <testcase name="testPDF" classname="org.apache.tika.parser.AutoDetectParserTest" time="0.671"/>
  <testcase name="testText" classname="org.apache.tika.parser.AutoDetectParserTest" time="0">
    <failure message="Bad content type: Test parameters:&#10;  resourceRealName        = /test-documents/testTXT.txt&#10;  resourceStatedName      = /test-documents/testTXT.txt&#10;  realType                = text/plain; charset=ISO-8859-1&#10;  statedType              = null&#10;  expectedContentFragment = indexation de Txt&#10; expected:&lt;text/plain; charset=[ISO-8859-1]&gt; but was:&lt;text/plain; charset=[windows-1252]&gt;" type="org.junit.ComparisonFailure"><![CDATA[org.junit.ComparisonFailure: 
Bad content type: Test parameters:
  resourceRealName        = /test-documents/testTXT.txt
  resourceStatedName      = /test-documents/testTXT.txt
  realType                = text/plain; charset=ISO-8859-1
  statedType              = null
  expectedContentFragment = indexation de Txt
 expected:<text/plain; charset=[ISO-8859-1]> but was:<text/plain; charset=[windows-1252]>
	at org.apache.tika.parser.AutoDetectParserTest.assertAutoDetect(AutoDetectParserTest.java:97)
	at org.apache.tika.parser.AutoDetectParserTest.assertAutoDetect(AutoDetectParserTest.java:128)
	at org.apache.tika.parser.AutoDetectParserTest.assertAutoDetect(AutoDetectParserTest.java:145)
	at org.apache.tika.parser.AutoDetectParserTest.testText(AutoDetectParserTest.java:224)
]]></failure>
  </testcase>
  <testcase name="testWord" classname="org.apache.tika.parser.AutoDetectParserTest" time="0.281"/>
  <testcase name="testPowerpoint" classname="org.apache.tika.parser.AutoDetectParserTest" time="0.313"/>
  <testcase name="testRTF" classname="org.apache.tika.parser.AutoDetectParserTest" time="0.031"/>
  <testcase name="testImages" classname="org.apache.tika.parser.AutoDetectParserTest" time="0.234"/>
  <testcase name="testXML" classname="org.apache.tika.parser.AutoDetectParserTest" time="0.015"/>
  <testcase name="testRdfXml" classname="org.apache.tika.parser.AutoDetectParserTest" time="0.032"/>
</testsuite>