<?xml version="1.0" encoding="UTF-8"?>
<testsuite xmlns:xsi="http://www.w3.org/2001/XMLSchema-instance" xsi:noNamespaceSchemaLocation="https://maven.apache.org/surefire/maven-surefire-plugin/xsd/surefire-test-report.xsd" name="org.apache.tika.server.TikaResourceTest" time="1.672" tests="8" errors="0" skipped="0" failures="2">
  <properties>
[...]
</properties>
  <testcase name="testPasswordXLSXML" classname="org.apache.tika.server.TikaResourceTest" time="0.968">
    <failure message="expected:&lt;422&gt; but was:&lt;406&gt;" type="junit.framework.AssertionFailedError"><![CDATA[junit.framework.AssertionFailedError: expected:<422> but was:<406>
	at org.apache.tika.server.TikaResourceTest.testPasswordXLSXML(TikaResourceTest.java:152)
]]></failure>
    <system-err><![CDATA[אוק 04, 2018 9:05:56 PM org.apache.cxf.endpoint.ServerImpl initDestination
INFO: Setting the server's publish address to be http://localhost:9998/
2018-10-04 21:05:56.307:INFO:oejs.Server:jetty-7.5.4.v20111024
2018-10-04 21:05:56.338:INFO:oejs.AbstractConnector:Started SelectChannelConnector@localhost:9998 STARTING
2018-10-04 21:05:56.416:INFO:oejsh.ContextHandler:started o.e.j.s.h.ContextHandler{,null}
אוק 04, 2018 9:05:56 PM sun.net.www.protocol.http.HttpURLConnection plainConnect0
FINEST: ProxySelector Request for http://localhost:9998/tika
אוק 04, 2018 9:05:56 PM sun.net.www.protocol.http.HttpURLConnection plainConnect0
FINEST: Proxy used: DIRECT
אוק 04, 2018 9:05:56 PM sun.net.www.protocol.http.HttpURLConnection writeRequests
FINE: sun.net.www.MessageHeader@157853da9 pairs: {PUT /tika HTTP/1.1: null}{Content-Type: application/vnd.ms-excel}{Accept: text/xml}{User-Agent: Apache CXF 2.6.1}{Cache-Control: no-cache}{Pragma: no-cache}{Host: localhost:9998}{Connection: keep-alive}{Transfer-Encoding: chunked}
אוק 04, 2018 9:05:56 PM org.apache.cxf.jaxrs.utils.JAXRSUtils findTargetMethod
WARNING: No operation matching request path "/tika" is found, Relative Path: /, HTTP Method: PUT, ContentType: application/vnd.ms-excel, Accept: text/xml,. Please enable FINE/TRACE log level for more details.
אוק 04, 2018 9:05:56 PM sun.net.www.protocol.http.HttpURLConnection getInputStream0
FINE: sun.net.www.MessageHeader@71c3b414 pairs: {null: HTTP/1.1 406 Not Acceptable}{Content-Length: 0}{Date: Thu, 04 Oct 2018 18:05:56 GMT}{Server: Jetty(7.5.4.v20111024)}
2018-10-04 21:05:56.604:INFO:oejsh.ContextHandler:stopped o.e.j.s.h.ContextHandler{,null}
]]></system-err>
  </testcase>
  <testcase name="testPasswordXLSHTML" classname="org.apache.tika.server.TikaResourceTest" time="0.438"/>
  <testcase name="testSimpleWordHTML" classname="org.apache.tika.server.TikaResourceTest" time="0.141"/>
  <testcase name="testSimpleWordXML" classname="org.apache.tika.server.TikaResourceTest" time="0.015">
    <failure type="junit.framework.AssertionFailedError">junit.framework.AssertionFailedError
	at org.apache.tika.server.TikaResourceTest.testSimpleWordXML(TikaResourceTest.java:142)
</failure>
    <system-err><![CDATA[אוק 04, 2018 9:05:57 PM org.apache.cxf.endpoint.ServerImpl initDestination
INFO: Setting the server's publish address to be http://localhost:9998/
2018-10-04 21:05:57.213:INFO:oejsh.ContextHandler:started o.e.j.s.h.ContextHandler{,null}
אוק 04, 2018 9:05:57 PM sun.net.www.protocol.http.HttpURLConnection plainConnect0
FINEST: ProxySelector Request for http://localhost:9998/tika
אוק 04, 2018 9:05:57 PM sun.net.www.http.HttpClient logFinest
FINEST: KeepAlive stream retrieved from the cache, sun.net.www.http.HttpClient(http://localhost:9998/tika)
אוק 04, 2018 9:05:57 PM sun.net.www.protocol.http.HttpURLConnection plainConnect0
FINEST: Proxy used: DIRECT
אוק 04, 2018 9:05:57 PM sun.net.www.protocol.http.HttpURLConnection writeRequests
FINE: sun.net.www.MessageHeader@3315d2d79 pairs: {PUT /tika HTTP/1.1: null}{Content-Type: application/msword}{Accept: text/xml}{User-Agent: Apache CXF 2.6.1}{Cache-Control: no-cache}{Pragma: no-cache}{Host: localhost:9998}{Connection: keep-alive}{Transfer-Encoding: chunked}
אוק 04, 2018 9:05:57 PM org.apache.cxf.jaxrs.utils.JAXRSUtils findTargetMethod
WARNING: No operation matching request path "/tika" is found, Relative Path: /, HTTP Method: PUT, ContentType: application/msword, Accept: text/xml,. Please enable FINE/TRACE log level for more details.
אוק 04, 2018 9:05:57 PM sun.net.www.protocol.http.HttpURLConnection getInputStream0
FINE: sun.net.www.MessageHeader@d6e7bab4 pairs: {null: HTTP/1.1 406 Not Acceptable}{Content-Length: 0}{Date: Thu, 04 Oct 2018 18:05:57 GMT}{Server: Jetty(7.5.4.v20111024)}
2018-10-04 21:05:57.213:INFO:oejsh.ContextHandler:stopped o.e.j.s.h.ContextHandler{,null}
]]></system-err>
  </testcase>
  <testcase name="testApplicationWadl" classname="org.apache.tika.server.TikaResourceTest" time="0.016"/>
  <testcase name="testHelloWorld" classname="org.apache.tika.server.TikaResourceTest" time="0.016"/>
  <testcase name="testSimpleWord" classname="org.apache.tika.server.TikaResourceTest" time="0.031"/>
  <testcase name="testPasswordXLS" classname="org.apache.tika.server.TikaResourceTest" time="0.031"/>
</testsuite>