<?xml version="1.0" encoding="UTF-8"?>
<testsuite xmlns:xsi="http://www.w3.org/2001/XMLSchema-instance" xsi:noNamespaceSchemaLocation="https://maven.apache.org/surefire/maven-surefire-plugin/xsd/surefire-test-report.xsd" name="org.apache.tika.mime.TestMimeTypes" time="0.438" tests="1" errors="0" skipped="0" failures="1">
  <properties>
[...]
</properties>
  <testcase name="testCaseSensitivity" classname="org.apache.tika.mime.TestMimeTypes" time="0">
    <failure message="expected:&lt;application/pdf -- null&#10;Aliases: &#10;	application/x-pdf&#10;Patterns:&#10;	*.pdf&#10;Magics:  &#10;	[50/(FALSE OR [0:0(string)-null#160260441645])]&#10;&gt; but was:&lt;application/octet-stream -- null&#10;Aliases:  NONE&#10;Patterns:&#10;	*.bin&#10;Magics:  &#10;	[50/(((((FALSE OR [0:0(string)-null#7966]) OR [0:0(host16)-null#7967]) OR [0:0(host16)-null#8191]) OR [0:0(string)-null#-225]) OR [0:0(host16)-null#-13563])]&#10;&gt;" type="junit.framework.AssertionFailedError"><![CDATA[junit.framework.AssertionFailedError: 
expected:<application/pdf -- null
Aliases: 
	application/x-pdf
Patterns:
	*.pdf
Magics:  
	[50/(FALSE OR [0:0(string)-null#160260441645])]
> but was:<application/octet-stream -- null
Aliases:  NONE
Patterns:
	*.bin
Magics:  
	[50/(((((FALSE OR [0:0(string)-null#7966]) OR [0:0(host16)-null#7967]) OR [0:0(host16)-null#8191]) OR [0:0(string)-null#-225]) OR [0:0(host16)-null#-13563])]
>
	at junit.framework.Assert.fail(Assert.java:47)
	at junit.framework.Assert.failNotEquals(Assert.java:282)
	at junit.framework.Assert.assertEquals(Assert.java:64)
	at junit.framework.Assert.assertEquals(Assert.java:71)
	at org.apache.tika.mime.TestMimeTypes.testCaseSensitivity(TestMimeTypes.java:47)
]]></failure>
    <system-err><![CDATA[אוק 04, 2018 5:26:45 PM org.apache.tika.mime.MimeUtils load
INFO: Loading [org/apache/tika/mime/tika-mimetypes.xml]
]]></system-err>
  </testcase>
</testsuite>