<?xml version="1.0" encoding="UTF-8"?>
<testsuite xmlns:xsi="http://www.w3.org/2001/XMLSchema-instance" xsi:noNamespaceSchemaLocation="https://maven.apache.org/surefire/maven-surefire-plugin/xsd/surefire-test-report.xsd" name="org.apache.tika.parser.ParsingReaderTest" time="0.797" tests="3" errors="0" skipped="0" failures="1">
  <properties>
[...]
</properties>
  <testcase name="testMetadata" classname="org.apache.tika.parser.ParsingReaderTest" time="0.687"/>
  <testcase name="testXML" classname="org.apache.tika.parser.ParsingReaderTest" time="0.063">
    <failure message="expected:&lt; &gt; but was:&lt;t&gt;" type="junit.framework.AssertionFailedError"><![CDATA[junit.framework.AssertionFailedError: expected:< > but was:<t>
	at org.apache.tika.parser.ParsingReaderTest.testXML(ParsingReaderTest.java:56)
]]></failure>
  </testcase>
  <testcase name="testPlainText" classname="org.apache.tika.parser.ParsingReaderTest" time="0.031"/>
</testsuite>