<?xml version="1.0" encoding="UTF-8"?>
<testsuite xmlns:xsi="http://www.w3.org/2001/XMLSchema-instance" xsi:noNamespaceSchemaLocation="https://maven.apache.org/surefire/maven-surefire-plugin/xsd/surefire-test-report.xsd" name="org.apache.tika.detect.TestContainerAwareDetector" time="5.313" tests="14" errors="1" skipped="0" failures="0">
  <properties>
[...]
</properties>
  <testcase name="testRemovalTempfiles" classname="org.apache.tika.detect.TestContainerAwareDetector" time="1.14"/>
  <testcase name="testDetectLotusNotesEml" classname="org.apache.tika.detect.TestContainerAwareDetector" time="0">
    <error type="java.lang.NullPointerException">java.lang.NullPointerException
	at org.apache.tika.detect.TestContainerAwareDetector.assertTypeByNameAndData(TestContainerAwareDetector.java:49)
	at org.apache.tika.detect.TestContainerAwareDetector.assertTypeByData(TestContainerAwareDetector.java:39)
	at org.apache.tika.detect.TestContainerAwareDetector.testDetectLotusNotesEml(TestContainerAwareDetector.java:170)
</error>
  </testcase>
  <testcase name="testDetectProtectedOLE2" classname="org.apache.tika.detect.TestContainerAwareDetector" time="0.063"/>
  <testcase name="testDetectStarOfficeFiles" classname="org.apache.tika.detect.TestContainerAwareDetector" time="0.031"/>
  <testcase name="testOpenContainer" classname="org.apache.tika.detect.TestContainerAwareDetector" time="0"/>
  <testcase name="testTruncatedFiles" classname="org.apache.tika.detect.TestContainerAwareDetector" time="0.047"/>
  <testcase name="testDetectProtectedOOXML" classname="org.apache.tika.detect.TestContainerAwareDetector" time="0.016"/>
  <testcase name="testDetectZip" classname="org.apache.tika.detect.TestContainerAwareDetector" time="0.359"/>
  <testcase name="testDetectOLE2" classname="org.apache.tika.detect.TestContainerAwareDetector" time="0.031"/>
  <testcase name="testDetectIWork" classname="org.apache.tika.detect.TestContainerAwareDetector" time="0.828"/>
  <testcase name="testDetectEPub" classname="org.apache.tika.detect.TestContainerAwareDetector" time="0.407"/>
  <testcase name="testDetectODF" classname="org.apache.tika.detect.TestContainerAwareDetector" time="0.156"/>
  <testcase name="testDetectOOXML" classname="org.apache.tika.detect.TestContainerAwareDetector" time="1.844"/>
  <testcase name="testDetectKMZ" classname="org.apache.tika.detect.TestContainerAwareDetector" time="0.047"/>
</testsuite>