<?xml version="1.0" encoding="UTF-8"?>
<testsuite xmlns:xsi="http://www.w3.org/2001/XMLSchema-instance" xsi:noNamespaceSchemaLocation="https://maven.apache.org/surefire/maven-surefire-plugin/xsd/surefire-test-report.xsd" name="org.apache.tika.fork.ForkParserTest" time="14.907" tests="6" errors="0" skipped="0" failures="0">
  <properties>
[...]
</properties>
  <testcase name="testPoolSizeReached" classname="org.apache.tika.fork.ForkParserTest" time="2.481"/>
  <testcase name="testPackageCanBeAccessed" classname="org.apache.tika.fork.ForkParserTest" time="0.295"/>
  <testcase name="testPulse" classname="org.apache.tika.fork.ForkParserTest" time="10.305"/>
  <testcase name="testSerialParsing" classname="org.apache.tika.fork.ForkParserTest" time="0.294"/>
  <testcase name="testParallelParsing" classname="org.apache.tika.fork.ForkParserTest" time="1.193"/>
  <testcase name="testHelloWorld" classname="org.apache.tika.fork.ForkParserTest" time="0.292"/>
</testsuite>