<?xml version="1.0" encoding="UTF-8"?>
<testsuite xmlns:xsi="http://www.w3.org/2001/XMLSchema-instance" xsi:noNamespaceSchemaLocation="https://maven.apache.org/surefire/maven-surefire-plugin/xsd/surefire-test-report.xsd" name="org.apache.tika.parser.microsoft.PowerPointParserTest" time="1.125" tests="8" errors="0" skipped="0" failures="4">
  <properties>
[...]
</properties>
  <testcase name="testCustomProperties" classname="org.apache.tika.parser.microsoft.PowerPointParserTest" time="0.375"/>
  <testcase name="testEmbeddedPlacedholder" classname="org.apache.tika.parser.microsoft.PowerPointParserTest" time="0.641"/>
  <testcase name="testPowerPointParser" classname="org.apache.tika.parser.microsoft.PowerPointParserTest" time="0.015"/>
  <testcase name="testVarious" classname="org.apache.tika.parser.microsoft.PowerPointParserTest" time="0.016"/>
  <testcase name="testMasterFooter" classname="org.apache.tika.parser.microsoft.PowerPointParserTest" time="0.016">
    <failure message="expected:&lt;-1&gt; but was:&lt;0&gt;" type="junit.framework.AssertionFailedError"><![CDATA[junit.framework.AssertionFailedError: expected:<-1> but was:<0>
	at org.apache.tika.parser.microsoft.PowerPointParserTest.testMasterFooter(PowerPointParserTest.java:146)
]]></failure>
  </testcase>
  <testcase name="testMasterText2" classname="org.apache.tika.parser.microsoft.PowerPointParserTest" time="0.015">
    <failure message="expected:&lt;-1&gt; but was:&lt;0&gt;" type="junit.framework.AssertionFailedError"><![CDATA[junit.framework.AssertionFailedError: expected:<-1> but was:<0>
	at org.apache.tika.parser.microsoft.PowerPointParserTest.testMasterText2(PowerPointParserTest.java:191)
]]></failure>
  </testcase>
  <testcase name="testMasterText" classname="org.apache.tika.parser.microsoft.PowerPointParserTest" time="0">
    <failure message="expected:&lt;-1&gt; but was:&lt;38&gt;" type="junit.framework.AssertionFailedError"><![CDATA[junit.framework.AssertionFailedError: expected:<-1> but was:<38>
	at org.apache.tika.parser.microsoft.PowerPointParserTest.testMasterText(PowerPointParserTest.java:169)
]]></failure>
  </testcase>
  <testcase name="testAutoDatePPT" classname="org.apache.tika.parser.microsoft.PowerPointParserTest" time="0.032">
    <failure message="&lt;p class=&quot;slide-content&quot;&gt;Now&lt;br/&gt;&#10;*&lt;br/&gt;&#10;*&lt;br/&gt; not found in:&#10;&lt;?xml version=&quot;1.0&quot; encoding=&quot;UTF-8&quot;?&gt;&lt;html xmlns=&quot;http://www.w3.org/1999/xhtml&quot;&gt;&#10;&lt;head&gt;&#10;&lt;meta name=&quot;cp:revision&quot; content=&quot;3&quot;/&gt;&#10;&lt;meta name=&quot;date&quot; content=&quot;2011-12-16T21:11:07Z&quot;/&gt;&#10;&lt;meta name=&quot;Company&quot; content=&quot;Microsoft&quot;/&gt;&#10;&lt;meta name=&quot;meta:word-count&quot; content=&quot;5&quot;/&gt;&#10;&lt;meta name=&quot;dc:creator&quot; content=&quot;Albert Law 2&quot;/&gt;&#10;&lt;meta name=&quot;extended-properties:Company&quot; content=&quot;Microsoft&quot;/&gt;&#10;&lt;meta name=&quot;Word-Count&quot; content=&quot;5&quot;/&gt;&#10;&lt;meta name=&quot;dcterms:created&quot; content=&quot;2011-12-16T21:06:02Z&quot;/&gt;&#10;&lt;meta name=&quot;dcterms:modified&quot; content=&quot;2011-12-16T21:11:07Z&quot;/&gt;&#10;&lt;meta name=&quot;Last-Modified&quot; content=&quot;2011-12-16T21:11:07Z&quot;/&gt;&#10;&lt;meta name=&quot;Last-Save-Date&quot; content=&quot;2011-12-16T21:11:07Z&quot;/&gt;&#10;&lt;meta name=&quot;meta:save-date&quot; content=&quot;2011-12-16T21:11:07Z&quot;/&gt;&#10;&lt;meta name=&quot;dc:title&quot; content=&quot;Now&quot;/&gt;&#10;&lt;meta name=&quot;Application-Name&quot; content=&quot;Microsoft Office PowerPoint&quot;/&gt;&#10;&lt;meta name=&quot;modified&quot; content=&quot;2011-12-16T21:11:07Z&quot;/&gt;&#10;&lt;meta name=&quot;Edit-Time&quot; content=&quot;2352010000&quot;/&gt;&#10;&lt;meta name=&quot;Content-Type&quot; content=&quot;application/vnd.ms-powerpoint&quot;/&gt;&#10;&lt;meta name=&quot;Slide-Count&quot; content=&quot;1&quot;/&gt;&#10;&lt;meta name=&quot;creator&quot; content=&quot;Albert Law 2&quot;/&gt;&#10;&lt;meta name=&quot;meta:author&quot; content=&quot;Albert Law 2&quot;/&gt;&#10;&lt;meta name=&quot;extended-properties:Application&quot; content=&quot;Microsoft Office PowerPoint&quot;/&gt;&#10;&lt;meta name=&quot;meta:creation-date&quot; content=&quot;2011-12-16T21:06:02Z&quot;/&gt;&#10;&lt;meta name=&quot;meta:last-author&quot; content=&quot;Albert Law 2&quot;/&gt;&#10;&lt;meta name=&quot;meta:slide-count&quot; content=&quot;1&quot;/&gt;&#10;&lt;meta name=&quot;Creation-Date&quot; content=&quot;2011-12-16T21:06:02Z&quot;/&gt;&#10;&lt;meta name=&quot;xmpTPg:NPages&quot; content=&quot;1&quot;/&gt;&#10;&lt;meta name=&quot;Last-Author&quot; content=&quot;Albert Law 2&quot;/&gt;&#10;&lt;meta name=&quot;Revision-Number&quot; content=&quot;3&quot;/&gt;&#10;&lt;meta name=&quot;Author&quot; content=&quot;Albert Law 2&quot;/&gt;&#10;&lt;title&gt;Now&lt;/title&gt;&#10;&lt;/head&gt;&#10;&lt;body&gt;&lt;div class=&quot;slideShow&quot;&gt;&lt;div class=&quot;slide&quot;&gt;&lt;p class=&quot;slide-master-content&quot;&gt;*&lt;br/&gt;&#10;*&lt;br/&gt;&#10;&lt;/p&gt;&#10;&lt;p class=&quot;slide-content&quot;&gt;Now&lt;br/&gt;&#10;*&lt;br/&gt;&#10;*&lt;br/&gt;&#10;&lt;/p&gt;&#10;&lt;/div&gt;&#10;&lt;/div&gt;&#10;&lt;div class=&quot;slideNotes&quot;&gt;*&lt;br/&gt;&#10;*&lt;br/&gt;&#10;&lt;/div&gt;&#10;&lt;/body&gt;&lt;/html&gt;" type="junit.framework.AssertionFailedError"><![CDATA[junit.framework.AssertionFailedError: 
<p class="slide-content">Now<br/>
*<br/>
*<br/> not found in:
<?xml version="1.0" encoding="UTF-8"?><html xmlns="http://www.w3.org/1999/xhtml">
<head>
<meta name="cp:revision" content="3"/>
<meta name="date" content="2011-12-16T21:11:07Z"/>
<meta name="Company" content="Microsoft"/>
<meta name="meta:word-count" content="5"/>
<meta name="dc:creator" content="Albert Law 2"/>
<meta name="extended-properties:Company" content="Microsoft"/>
<meta name="Word-Count" content="5"/>
<meta name="dcterms:created" content="2011-12-16T21:06:02Z"/>
<meta name="dcterms:modified" content="2011-12-16T21:11:07Z"/>
<meta name="Last-Modified" content="2011-12-16T21:11:07Z"/>
<meta name="Last-Save-Date" content="2011-12-16T21:11:07Z"/>
<meta name="meta:save-date" content="2011-12-16T21:11:07Z"/>
<meta name="dc:title" content="Now"/>
<meta name="Application-Name" content="Microsoft Office PowerPoint"/>
<meta name="modified" content="2011-12-16T21:11:07Z"/>
<meta name="Edit-Time" content="2352010000"/>
<meta name="Content-Type" content="application/vnd.ms-powerpoint"/>
<meta name="Slide-Count" content="1"/>
<meta name="creator" content="Albert Law 2"/>
<meta name="meta:author" content="Albert Law 2"/>
<meta name="extended-properties:Application" content="Microsoft Office PowerPoint"/>
<meta name="meta:creation-date" content="2011-12-16T21:06:02Z"/>
<meta name="meta:last-author" content="Albert Law 2"/>
<meta name="meta:slide-count" content="1"/>
<meta name="Creation-Date" content="2011-12-16T21:06:02Z"/>
<meta name="xmpTPg:NPages" content="1"/>
<meta name="Last-Author" content="Albert Law 2"/>
<meta name="Revision-Number" content="3"/>
<meta name="Author" content="Albert Law 2"/>
<title>Now</title>
</head>
<body><div class="slideShow"><div class="slide"><p class="slide-master-content">*<br/>
*<br/>
</p>
<p class="slide-content">Now<br/>
*<br/>
*<br/>
</p>
</div>
</div>
<div class="slideNotes">*<br/>
*<br/>
</div>
</body></html>
	at org.apache.tika.parser.microsoft.PowerPointParserTest.testAutoDatePPT(PowerPointParserTest.java:242)
]]></failure>
  </testcase>
</testsuite>