<?xml version="1.0" encoding="UTF-8"?>
<testsuite xmlns:xsi="http://www.w3.org/2001/XMLSchema-instance" xsi:noNamespaceSchemaLocation="https://maven.apache.org/surefire/maven-surefire-plugin/xsd/surefire-test-report.xsd" name="org.apache.tika.parser.iwork.IWorkParserTest" time="1.375" tests="19" errors="1" skipped="0" failures="0">
  <properties>
[...]
</properties>
  <testcase name="testParsePagesHeadersFootersRomanLower" classname="org.apache.tika.parser.iwork.IWorkParserTest" time="0.609"/>
  <testcase name="testParsePagesHeadersFootersRomanUpper" classname="org.apache.tika.parser.iwork.IWorkParserTest" time="0.031"/>
  <testcase name="testParsePagesPasswordProtected" classname="org.apache.tika.parser.iwork.IWorkParserTest" time="0.016"/>
  <testcase name="testParseKeynote" classname="org.apache.tika.parser.iwork.IWorkParserTest" time="0.078"/>
  <testcase name="testParsePages" classname="org.apache.tika.parser.iwork.IWorkParserTest" time="0.015"/>
  <testcase name="testParseNumbersTableNames" classname="org.apache.tika.parser.iwork.IWorkParserTest" time="0.031"/>
  <testcase name="testKeynoteBulletPoints" classname="org.apache.tika.parser.iwork.IWorkParserTest" time="0.047"/>
  <testcase name="testParsePagesHeadersFootersFootnotes" classname="org.apache.tika.parser.iwork.IWorkParserTest" time="0.016"/>
  <testcase name="testNumbersExtractChartNames" classname="org.apache.tika.parser.iwork.IWorkParserTest" time="0.047"/>
  <testcase name="testStreamNotClosed" classname="org.apache.tika.parser.iwork.IWorkParserTest" time="0.047">
    <error message="Stream closed" type="java.io.IOException">java.io.IOException: Stream closed
	at org.apache.tika.parser.iwork.IWorkParserTest.testStreamNotClosed(IWorkParserTest.java:63)
</error>
  </testcase>
  <testcase name="testKeynoteMasterSlideTable" classname="org.apache.tika.parser.iwork.IWorkParserTest" time="0.046"/>
  <testcase name="testKeynoteTextBoxes" classname="org.apache.tika.parser.iwork.IWorkParserTest" time="0.047"/>
  <testcase name="testParsePagesAnnotations" classname="org.apache.tika.parser.iwork.IWorkParserTest" time="0.032"/>
  <testcase name="testParseNumbersTableHeaders" classname="org.apache.tika.parser.iwork.IWorkParserTest" time="0.046"/>
  <testcase name="testPagesLayoutMode" classname="org.apache.tika.parser.iwork.IWorkParserTest" time="0.016"/>
  <testcase name="testParseNumbers" classname="org.apache.tika.parser.iwork.IWorkParserTest" time="0.063"/>
  <testcase name="testKeynoteTables" classname="org.apache.tika.parser.iwork.IWorkParserTest" time="0.031"/>
  <testcase name="testParsePagesHeadersAlphaLower" classname="org.apache.tika.parser.iwork.IWorkParserTest" time="0.015"/>
  <testcase name="testParsePagesHeadersAlphaUpper" classname="org.apache.tika.parser.iwork.IWorkParserTest" time="0.032"/>
</testsuite>