<?xml version="1.0" encoding="UTF-8"?>
<testsuite name="org.apache.tika.mime.MimeTypes_ESTest" time="1.45" tests="44" errors="0" skipped="0" failures="2">
  <properties>
[...]
</properties>
  <testcase name="test30" classname="org.apache.tika.mime.MimeTypes_ESTest" time="0.632"/>
  <testcase name="test18" classname="org.apache.tika.mime.MimeTypes_ESTest" time="0.03"/>
  <testcase name="test17" classname="org.apache.tika.mime.MimeTypes_ESTest" time="0.022"/>
  <testcase name="test39" classname="org.apache.tika.mime.MimeTypes_ESTest" time="0.017"/>
  <testcase name="test19" classname="org.apache.tika.mime.MimeTypes_ESTest" time="0.052"/>
  <testcase name="test14" classname="org.apache.tika.mime.MimeTypes_ESTest" time="0.02"/>
  <testcase name="test36" classname="org.apache.tika.mime.MimeTypes_ESTest" time="0.018"/>
  <testcase name="test13" classname="org.apache.tika.mime.MimeTypes_ESTest" time="0.016"/>
  <testcase name="test35" classname="org.apache.tika.mime.MimeTypes_ESTest" time="0.017"/>
  <testcase name="test16" classname="org.apache.tika.mime.MimeTypes_ESTest" time="0.016"/>
  <testcase name="test38" classname="org.apache.tika.mime.MimeTypes_ESTest" time="0.015"/>
  <testcase name="test15" classname="org.apache.tika.mime.MimeTypes_ESTest" time="0.015"/>
  <testcase name="test37" classname="org.apache.tika.mime.MimeTypes_ESTest" time="0.017"/>
  <testcase name="test10" classname="org.apache.tika.mime.MimeTypes_ESTest" time="0.016"/>
  <testcase name="test32" classname="org.apache.tika.mime.MimeTypes_ESTest" time="0.017"/>
  <testcase name="test31" classname="org.apache.tika.mime.MimeTypes_ESTest" time="0.062"/>
  <testcase name="test12" classname="org.apache.tika.mime.MimeTypes_ESTest" time="0.026">
    <failure message="Expecting exception: NullPointerException" type="java.lang.AssertionError">java.lang.AssertionError: Expecting exception: NullPointerException
	at org.junit.Assert.fail(Assert.java:88)
	at org.apache.tika.mime.MimeTypes_ESTest.test12(MimeTypes_ESTest.java:210)
</failure>
  </testcase>
  <testcase name="test34" classname="org.apache.tika.mime.MimeTypes_ESTest" time="0.014"/>
  <testcase name="test11" classname="org.apache.tika.mime.MimeTypes_ESTest" time="0.017"/>
  <testcase name="test33" classname="org.apache.tika.mime.MimeTypes_ESTest" time="0.016"/>
  <testcase name="test41" classname="org.apache.tika.mime.MimeTypes_ESTest" time="0.021"/>
  <testcase name="test40" classname="org.apache.tika.mime.MimeTypes_ESTest" time="0.016"/>
  <testcase name="test07" classname="org.apache.tika.mime.MimeTypes_ESTest" time="0.027"/>
  <testcase name="test29" classname="org.apache.tika.mime.MimeTypes_ESTest" time="0.015"/>
  <testcase name="test06" classname="org.apache.tika.mime.MimeTypes_ESTest" time="0.016"/>
  <testcase name="test28" classname="org.apache.tika.mime.MimeTypes_ESTest" time="0.016">
    <failure message="Expecting exception: NullPointerException" type="java.lang.AssertionError">java.lang.AssertionError: Expecting exception: NullPointerException
	at org.junit.Assert.fail(Assert.java:88)
	at org.apache.tika.mime.MimeTypes_ESTest.test28(MimeTypes_ESTest.java:433)
</failure>
  </testcase>
  <testcase name="test09" classname="org.apache.tika.mime.MimeTypes_ESTest" time="0.014"/>
  <testcase name="test08" classname="org.apache.tika.mime.MimeTypes_ESTest" time="0.017"/>
  <testcase name="test03" classname="org.apache.tika.mime.MimeTypes_ESTest" time="0.015"/>
  <testcase name="test25" classname="org.apache.tika.mime.MimeTypes_ESTest" time="0.017"/>
  <testcase name="test02" classname="org.apache.tika.mime.MimeTypes_ESTest" time="0.016"/>
  <testcase name="test24" classname="org.apache.tika.mime.MimeTypes_ESTest" time="0.015"/>
  <testcase name="test05" classname="org.apache.tika.mime.MimeTypes_ESTest" time="0.016"/>
  <testcase name="test27" classname="org.apache.tika.mime.MimeTypes_ESTest" time="0.016"/>
  <testcase name="test04" classname="org.apache.tika.mime.MimeTypes_ESTest" time="0.015"/>
  <testcase name="test26" classname="org.apache.tika.mime.MimeTypes_ESTest" time="0.018"/>
  <testcase name="test21" classname="org.apache.tika.mime.MimeTypes_ESTest" time="0.018"/>
  <testcase name="test43" classname="org.apache.tika.mime.MimeTypes_ESTest" time="0.015"/>
  <testcase name="test20" classname="org.apache.tika.mime.MimeTypes_ESTest" time="0.015"/>
  <testcase name="test42" classname="org.apache.tika.mime.MimeTypes_ESTest" time="0.015"/>
  <testcase name="test01" classname="org.apache.tika.mime.MimeTypes_ESTest" time="0.015"/>
  <testcase name="test23" classname="org.apache.tika.mime.MimeTypes_ESTest" time="0.016"/>
  <testcase name="test00" classname="org.apache.tika.mime.MimeTypes_ESTest" time="0.015"/>
  <testcase name="test22" classname="org.apache.tika.mime.MimeTypes_ESTest" time="0.016"/>
</testsuite>